
Showing logs for build [32mcb-kubecd-environment-pr-204-2-vw26b-1[0m stage [32mfrom-build-pack[0m and container [32mstep-credential-initializer-xnt2h[0m
{"level":"info","ts":1587091938.585052,"logger":"fallback-logger","caller":"logging/config.go:69","msg":"Fetch GitHub commit ID from kodata failed: open /var/run/ko/refs/heads/0.8.0-ns-support: no such file or directory"}
{"level":"info","ts":1587091938.5856845,"logger":"fallback-logger","caller":"creds-init/main.go:40","msg":"Credentials initialized."}

Showing logs for build [32mcb-kubecd-environment-pr-204-2-vw26b-1[0m stage [32mfrom-build-pack[0m and container [32mstep-working-dir-initializer-8rpqg[0m
{"level":"info","ts":1587091939.1339984,"logger":"fallback-logger","caller":"logging/config.go:69","msg":"Fetch GitHub commit ID from kodata failed: open /var/run/ko/HEAD: no such file or directory"}
{"level":"info","ts":1587091939.1353533,"logger":"fallback-logger","caller":"bash/main.go:64","msg":"Successfully executed command \"sh -c mkdir -p /workspace/source\"; output "}

Showing logs for build [32mcb-kubecd-environment-pr-204-2-vw26b-1[0m stage [32mfrom-build-pack[0m and container [32mstep-place-tools[0m

Showing logs for build [32mcb-kubecd-environment-pr-204-2-vw26b-1[0m stage [32mfrom-build-pack[0m and container [32mstep-git-source-cb-kubecd-environment-pr-204-2-vw26b-rhzk8[0m
{"level":"info","ts":1587091942.1400557,"logger":"fallback-logger","caller":"logging/config.go:69","msg":"Fetch GitHub commit ID from kodata failed: open /var/run/ko/refs/heads/0.8.0-ns-support: no such file or directory"}
{"level":"info","ts":1587091943.156472,"logger":"fallback-logger","caller":"git/git.go:103","msg":"Successfully cloned https://github.com/cb-kubecd/environment-pr-204-2-boot-vault-gke-production.git @ master in path /workspace/source"}

Showing logs for build [32mcb-kubecd-environment-pr-204-2-vw26b-1[0m stage [32mfrom-build-pack[0m and container [32mstep-git-merge[0m
Using SHAs from PULL_REFS=master:e4461d3453328940e5d2ff25e88b62b9be30dd3e,1:10982ddee685f202dede78d3afcf7e30c58e1383
DEBUG: LC_ALL=C JX_LOG_LEVEL=error git fetch origin --unshallow 10982ddee685f202dede78d3afcf7e30c58e1383: e4461d3453328940e5d2ff25e88b62b9be30dd3e:
DEBUG: ran git fetch --unshallow origin 10982ddee685f202dede78d3afcf7e30c58e1383: e4461d3453328940e5d2ff25e88b62b9be30dd3e: in 
DEBUG: LC_ALL=C JX_LOG_LEVEL=error git branch
DEBUG: LC_ALL=C JX_LOG_LEVEL=error git checkout master
DEBUG: ran git checkout master in 
DEBUG: LC_ALL=C JX_LOG_LEVEL=error git reset --hard e4461d3453328940e5d2ff25e88b62b9be30dd3e
DEBUG: ran git reset --hard e4461d3453328940e5d2ff25e88b62b9be30dd3e in 
DEBUG: JX_LOG_LEVEL=error LC_ALL=C git clean -fd .
DEBUG: ran clean --force -d . in 
DEBUG: LC_ALL=C JX_LOG_LEVEL=error git merge 10982ddee685f202dede78d3afcf7e30c58e1383
DEBUG: ran git merge 10982ddee685f202dede78d3afcf7e30c58e1383 in 
DEBUG: LC_ALL=C JX_LOG_LEVEL=error git log --format=%H%x1f%an%x1f%ae%x1f%cn%x1f%ce%x1f%s%n%b%x1e e4461d3453328940e5d2ff25e88b62b9be30dd3e..HEAD
Merged SHA 10982ddee685f202dede78d3afcf7e30c58e1383 with commit message 'chore: Promote bdd-spring-1587090535 to version 0.0.1' into base branch master

Showing logs for build [32mcb-kubecd-environment-pr-204-2-vw26b-1[0m stage [32mfrom-build-pack[0m and container [32mstep-build-helm-build[0m
WARNING: No $CHART_REPOSITORY defined so using the default value of: http://jenkins-x-chartmuseum:8080
Adding missing Helm repo: storage.googleapis.com https://storage.googleapis.com/chartmuseum.jenkins-x.io
WARNING: No secrets found on "helm/repos" due: reading the secret "helm/repos" from vault: no secret "helm/repos" not found in vault
Read credentials for https://storage.googleapis.com/chartmuseum.jenkins-x.io from vault helm/repos
Successfully added Helm repository storage.googleapis.com.
Adding missing Helm repo: jenkins-x-chartmuseum http://jenkins-x-chartmuseum:8080
WARNING: No secrets found on "helm/repos" due: reading the secret "helm/repos" from vault: no secret "helm/repos" not found in vault
Read credentials for http://jenkins-x-chartmuseum:8080 from vault helm/repos
Successfully added Helm repository jenkins-x-chartmuseum.
WARNING: No $CHART_REPOSITORY defined so using the default value of: http://jenkins-x-chartmuseum:8080
Adding missing Helm repo: chartmuseum.jenkins-x.io http://chartmuseum.jenkins-x.io
WARNING: No secrets found on "helm/repos" due: reading the secret "helm/repos" from vault: no secret "helm/repos" not found in vault
Read credentials for http://chartmuseum.jenkins-x.io from vault helm/repos
Successfully added Helm repository chartmuseum.jenkins-x.io.
